   1              		.cpu cortex-m0plus
   2              		.fpu softvfp
   3              		.eabi_attribute 20, 1
   4              		.eabi_attribute 21, 1
   5              		.eabi_attribute 23, 3
   6              		.eabi_attribute 24, 1
   7              		.eabi_attribute 25, 1
   8              		.eabi_attribute 26, 1
   9              		.eabi_attribute 30, 4
  10              		.eabi_attribute 34, 0
  11              		.eabi_attribute 18, 4
  12              		.code	16
  13              		.file	"board_startup.c"
  14              		.section	.text.NMI_Handler,"ax",%progbits
  15              		.align	1
  16              		.global	NMI_Handler
  17              		.code	16
  18              		.thumb_func
  20              	NMI_Handler:
  21              	@ 158 "board_startup.c" 1
  22 0000 0EBE     		bkpt 14
  23              	@ 0 "" 2
  24              		.code	16
  25              	.L2:
  26 0002 FEE7     		b	.L2
  28              		.section	.text.HardFault_Handler,"ax",%progbits
  29              		.align	1
  30              		.global	HardFault_Handler
  31              		.code	16
  32              		.thumb_func
  34              	HardFault_Handler:
  35              	@ 164 "board_startup.c" 1
  36 0000 0DBE     		bkpt 13
  37              	@ 0 "" 2
  38              		.code	16
  39              	.L5:
  40 0002 FEE7     		b	.L5
  42              		.section	.text.SVC_Handler,"ax",%progbits
  43              		.align	1
  44              		.global	SVC_Handler
  45              		.code	16
  46              		.thumb_func
  48              	SVC_Handler:
  49              	@ 170 "board_startup.c" 1
  50 0000 05BE     		bkpt 5
  51              	@ 0 "" 2
  52              		.code	16
  53              	.L7:
  54 0002 FEE7     		b	.L7
  56              		.section	.text.PendSV_Handler,"ax",%progbits
  57              		.align	1
  58              		.global	PendSV_Handler
  59              		.code	16
  60              		.thumb_func
  62              	PendSV_Handler:
  63              	@ 176 "board_startup.c" 1
  64 0000 02BE     		bkpt 2
  65              	@ 0 "" 2
  66              		.code	16
  67              	.L9:
  68 0002 FEE7     		b	.L9
  70              		.section	.text.Reset_Handler,"ax",%progbits
  71              		.align	1
  72              		.global	Reset_Handler
  73              		.code	16
  74              		.thumb_func
  76              	Reset_Handler:
  77 0000 0E4A     		ldr	r2, .L20
  78 0002 0F48     		ldr	r0, .L20+4
  79 0004 38B5     		push	{r3, r4, r5, lr}
  80 0006 8242     		cmp	r2, r0
  81 0008 04D1     		bne	.L11
  82              	.L14:
  83 000a 0E4A     		ldr	r2, .L20+8
  84 000c 0E4B     		ldr	r3, .L20+12
  85 000e 9342     		cmp	r3, r2
  86 0010 0ED1     		bne	.L18
  87 0012 0AE0     		b	.L13
  88              	.L11:
  89 0014 0D4C     		ldr	r4, .L20+16
  90 0016 9442     		cmp	r4, r2
  91 0018 F7D0     		beq	.L14
  92 001a 0023     		mov	r3, #0
  93              	.L15:
  94 001c D118     		add	r1, r2, r3
  95 001e 8842     		cmp	r0, r1
  96 0020 F3D9     		bls	.L14
  97 0022 E558     		ldr	r5, [r4, r3]
  98 0024 0433     		add	r3, r3, #4
  99 0026 0D60     		str	r5, [r1]
 100 0028 F8E7     		b	.L15
 101              	.L13:
 102 002a FFF7FEFF 		bl	main
 103 002e 04E0     		b	.L17
 104              	.L18:
 105 0030 9342     		cmp	r3, r2
 106 0032 FAD2     		bcs	.L13
 107 0034 0021     		mov	r1, #0
 108 0036 02C3     		stmia	r3!, {r1}
 109 0038 FAE7     		b	.L18
 110              	.L17:
 111 003a FEE7     		b	.L17
 112              	.L21:
 113              		.align	2
 114              	.L20:
 115 003c 00000000 		.word	__data_start__
 116 0040 00000000 		.word	__data_end__
 117 0044 00000000 		.word	__bss_end__
 118 0048 00000000 		.word	__bss_start__
 119 004c 00000000 		.word	__etext
 121              		.global	exception_table
 122              		.section	.isr_vector,"a",%progbits
 123              		.align	2
 126              	exception_table:
 127 0000 00000000 		.word	__StackTop
 128 0004 00000000 		.word	Reset_Handler
 129 0008 00000000 		.word	NMI_Handler
 130 000c 00000000 		.word	HardFault_Handler
 131 0010 00000000 		.word	0
 132 0014 00000000 		.word	0
 133 0018 00000000 		.word	0
 134 001c 00000000 		.word	0
 135 0020 00000000 		.word	0
 136 0024 00000000 		.word	0
 137 0028 00000000 		.word	0
 138 002c 00000000 		.word	SVC_Handler
 139 0030 00000000 		.word	0
 140 0034 00000000 		.word	0
 141 0038 00000000 		.word	PendSV_Handler
 142 003c 00000000 		.word	SysTick_Handler
 143              		.ident	"GCC: (GNU Tools for ARM Embedded Processors (Arduino build)) 4.8.3 20140228 (release) [ARM
DEFINED SYMBOLS
                            *ABS*:0000000000000000 board_startup.c
     /tmp/ccHmXyur.s:15     .text.NMI_Handler:0000000000000000 $t
     /tmp/ccHmXyur.s:20     .text.NMI_Handler:0000000000000000 NMI_Handler
     /tmp/ccHmXyur.s:29     .text.HardFault_Handler:0000000000000000 $t
     /tmp/ccHmXyur.s:34     .text.HardFault_Handler:0000000000000000 HardFault_Handler
     /tmp/ccHmXyur.s:43     .text.SVC_Handler:0000000000000000 $t
     /tmp/ccHmXyur.s:48     .text.SVC_Handler:0000000000000000 SVC_Handler
     /tmp/ccHmXyur.s:57     .text.PendSV_Handler:0000000000000000 $t
     /tmp/ccHmXyur.s:62     .text.PendSV_Handler:0000000000000000 PendSV_Handler
     /tmp/ccHmXyur.s:71     .text.Reset_Handler:0000000000000000 $t
     /tmp/ccHmXyur.s:76     .text.Reset_Handler:0000000000000000 Reset_Handler
     /tmp/ccHmXyur.s:115    .text.Reset_Handler:000000000000003c $d
     /tmp/ccHmXyur.s:126    .isr_vector:0000000000000000 exception_table
     /tmp/ccHmXyur.s:123    .isr_vector:0000000000000000 $d

UNDEFINED SYMBOLS
main
__data_start__
__data_end__
__bss_end__
__bss_start__
__etext
__StackTop
SysTick_Handler
